<?xml version="1.0" encoding="UTF-8"?>
<coverage generated="1661803911750" clover="3.2.0">
  <project timestamp="1661803911750" name="All files">
    <metrics statements="161" coveredstatements="161" conditionals="55" coveredconditionals="55" methods="16" coveredmethods="16" elements="232" coveredelements="232" complexity="0" loc="161" ncloc="161" packages="2" files="7" classes="7"/>
    <package name="src">
      <metrics statements="62" coveredstatements="62" conditionals="18" coveredconditionals="18" methods="5" coveredmethods="5"/>
      <file name="build-difference.js" path="/Users/nightshiftmaster/Desktop/frontend-project-lvl2/src/build-difference.js">
        <metrics statements="28" coveredstatements="28" conditionals="12" coveredconditionals="12" methods="1" coveredmethods="1"/>
        <line num="1" count="30" type="cond" truecount="2" falsecount="0"/>
        <line num="2" count="30" type="stmt"/>
        <line num="3" count="30" type="stmt"/>
        <line num="4" count="30" type="cond" truecount="2" falsecount="0"/>
        <line num="5" count="12" type="stmt"/>
        <line num="6" count="108" type="cond" truecount="1" falsecount="0"/>
        <line num="7" count="108" type="cond" truecount="1" falsecount="0"/>
        <line num="8" count="30" type="stmt"/>
        <line num="9" count="108" type="cond" truecount="1" falsecount="0"/>
        <line num="10" count="108" type="cond" truecount="2" falsecount="0"/>
        <line num="11" count="24" type="stmt"/>
        <line num="12" count="24" type="stmt"/>
        <line num="13" count="24" type="stmt"/>
        <line num="14" count="108" type="cond" truecount="2" falsecount="0"/>
        <line num="15" count="24" type="stmt"/>
        <line num="16" count="24" type="stmt"/>
        <line num="17" count="24" type="stmt"/>
        <line num="18" count="108" type="cond" truecount="1" falsecount="0"/>
        <line num="19" count="30" type="stmt"/>
        <line num="20" count="30" type="stmt"/>
        <line num="21" count="30" type="stmt"/>
        <line num="22" count="30" type="stmt"/>
        <line num="23" count="1" type="stmt"/>
        <line num="24" count="1" type="stmt"/>
        <line num="25" count="1" type="stmt"/>
        <line num="26" count="1" type="stmt"/>
        <line num="27" count="1" type="stmt"/>
        <line num="28" count="1" type="stmt"/>
      </file>
      <file name="index.js" path="/Users/nightshiftmaster/Desktop/frontend-project-lvl2/src/index.js">
        <metrics statements="23" coveredstatements="23" conditionals="4" coveredconditionals="4" methods="3" coveredmethods="3"/>
        <line num="1" count="1" type="cond" truecount="1" falsecount="0"/>
        <line num="2" count="1" type="stmt"/>
        <line num="3" count="1" type="stmt"/>
        <line num="4" count="1" type="cond" truecount="1" falsecount="0"/>
        <line num="5" count="12" type="stmt"/>
        <line num="6" count="12" type="stmt"/>
        <line num="7" count="1" type="cond" truecount="1" falsecount="0"/>
        <line num="8" count="12" type="stmt"/>
        <line num="9" count="12" type="stmt"/>
        <line num="10" count="12" type="stmt"/>
        <line num="11" count="1" type="cond" truecount="1" falsecount="0"/>
        <line num="12" count="6" type="stmt"/>
        <line num="13" count="6" type="stmt"/>
        <line num="14" count="6" type="stmt"/>
        <line num="15" count="6" type="stmt"/>
        <line num="16" count="6" type="stmt"/>
        <line num="17" count="6" type="stmt"/>
        <line num="18" count="6" type="stmt"/>
        <line num="19" count="1" type="stmt"/>
        <line num="20" count="1" type="stmt"/>
        <line num="21" count="1" type="stmt"/>
        <line num="22" count="1" type="stmt"/>
        <line num="23" count="1" type="stmt"/>
      </file>
      <file name="parsers.js" path="/Users/nightshiftmaster/Desktop/frontend-project-lvl2/src/parsers.js">
        <metrics statements="11" coveredstatements="11" conditionals="2" coveredconditionals="2" methods="1" coveredmethods="1"/>
        <line num="1" count="12" type="cond" truecount="2" falsecount="0"/>
        <line num="2" count="12" type="stmt"/>
        <line num="3" count="12" type="stmt"/>
        <line num="4" count="1" type="stmt"/>
        <line num="5" count="1" type="stmt"/>
        <line num="6" count="1" type="stmt"/>
        <line num="7" count="1" type="stmt"/>
        <line num="8" count="1" type="stmt"/>
        <line num="9" count="1" type="stmt"/>
        <line num="10" count="1" type="stmt"/>
        <line num="11" count="1" type="stmt"/>
      </file>
    </package>
    <package name="src.formatters">
      <metrics statements="99" coveredstatements="99" conditionals="37" coveredconditionals="37" methods="11" coveredmethods="11"/>
      <file name="index.js" path="/Users/nightshiftmaster/Desktop/frontend-project-lvl2/src/formatters/index.js">
        <metrics statements="10" coveredstatements="10" conditionals="2" coveredconditionals="2" methods="1" coveredmethods="1"/>
        <line num="1" count="1" type="cond" truecount="2" falsecount="0"/>
        <line num="2" count="6" type="stmt"/>
        <line num="3" count="6" type="stmt"/>
        <line num="4" count="6" type="stmt"/>
        <line num="5" count="1" type="stmt"/>
        <line num="6" count="1" type="stmt"/>
        <line num="7" count="1" type="stmt"/>
        <line num="8" count="1" type="stmt"/>
        <line num="9" count="1" type="stmt"/>
        <line num="10" count="1" type="stmt"/>
      </file>
      <file name="json.js" path="/Users/nightshiftmaster/Desktop/frontend-project-lvl2/src/formatters/json.js">
        <metrics statements="3" coveredstatements="3" conditionals="0" coveredconditionals="0" methods="0" coveredmethods="0"/>
        <line num="1" count="1" type="stmt"/>
        <line num="2" count="1" type="stmt"/>
        <line num="3" count="1" type="stmt"/>
      </file>
      <file name="plain.js" path="/Users/nightshiftmaster/Desktop/frontend-project-lvl2/src/formatters/plain.js">
        <metrics statements="39" coveredstatements="39" conditionals="18" coveredconditionals="18" methods="5" coveredmethods="5"/>
        <line num="1" count="28" type="cond" truecount="3" falsecount="0"/>
        <line num="2" count="28" type="stmt"/>
        <line num="3" count="1" type="cond" truecount="4" falsecount="0"/>
        <line num="4" count="14" type="stmt"/>
        <line num="5" count="26" type="stmt"/>
        <line num="6" count="1" type="cond" truecount="2" falsecount="0"/>
        <line num="7" count="1" type="cond" truecount="2" falsecount="0"/>
        <line num="8" count="10" type="stmt"/>
        <line num="9" count="10" type="stmt"/>
        <line num="10" count="10" type="stmt"/>
        <line num="11" count="10" type="cond" truecount="1" falsecount="0"/>
        <line num="12" count="36" type="stmt"/>
        <line num="13" count="36" type="stmt"/>
        <line num="14" count="36" type="stmt"/>
        <line num="15" count="10" type="cond" truecount="1" falsecount="0"/>
        <line num="16" count="10" type="stmt"/>
        <line num="17" count="10" type="stmt"/>
        <line num="18" count="36" type="stmt"/>
        <line num="19" count="36" type="cond" truecount="2" falsecount="0"/>
        <line num="20" count="8" type="stmt"/>
        <line num="21" count="8" type="stmt"/>
        <line num="22" count="8" type="stmt"/>
        <line num="23" count="8" type="stmt"/>
        <line num="24" count="8" type="stmt"/>
        <line num="25" count="36" type="cond" truecount="2" falsecount="0"/>
        <line num="26" count="8" type="stmt"/>
        <line num="27" count="36" type="stmt"/>
        <line num="28" count="10" type="stmt"/>
        <line num="29" count="1" type="stmt"/>
        <line num="30" count="1" type="stmt"/>
        <line num="31" count="2" type="cond" truecount="1" falsecount="0"/>
        <line num="32" count="1" type="stmt"/>
        <line num="33" count="1" type="stmt"/>
        <line num="34" count="1" type="stmt"/>
        <line num="35" count="1" type="stmt"/>
        <line num="36" count="1" type="stmt"/>
        <line num="37" count="1" type="stmt"/>
        <line num="38" count="1" type="stmt"/>
        <line num="39" count="1" type="stmt"/>
      </file>
      <file name="stylish.js" path="/Users/nightshiftmaster/Desktop/frontend-project-lvl2/src/formatters/stylish.js">
        <metrics statements="47" coveredstatements="47" conditionals="17" coveredconditionals="17" methods="5" coveredmethods="5"/>
        <line num="1" count="86" type="cond" truecount="2" falsecount="0"/>
        <line num="2" count="1" type="stmt"/>
        <line num="3" count="1" type="cond" truecount="1" falsecount="0"/>
        <line num="4" count="54" type="cond" truecount="1" falsecount="0"/>
        <line num="5" count="38" type="stmt"/>
        <line num="6" count="38" type="stmt"/>
        <line num="7" count="54" type="cond" truecount="1" falsecount="0"/>
        <line num="8" count="54" type="cond" truecount="2" falsecount="0"/>
        <line num="9" count="14" type="stmt"/>
        <line num="10" count="14" type="stmt"/>
        <line num="11" count="14" type="cond" truecount="1" falsecount="0"/>
        <line num="12" count="18" type="stmt"/>
        <line num="13" count="18" type="stmt"/>
        <line num="14" count="1" type="stmt"/>
        <line num="15" count="1" type="cond" truecount="2" falsecount="0"/>
        <line num="16" count="10" type="stmt"/>
        <line num="17" count="10" type="stmt"/>
        <line num="18" count="10" type="cond" truecount="1" falsecount="0"/>
        <line num="19" count="36" type="stmt"/>
        <line num="20" count="36" type="stmt"/>
        <line num="21" count="36" type="cond" truecount="1" falsecount="0"/>
        <line num="22" count="10" type="stmt"/>
        <line num="23" count="10" type="stmt"/>
        <line num="24" count="36" type="stmt"/>
        <line num="25" count="4" type="cond" truecount="1" falsecount="0"/>
        <line num="26" count="4" type="stmt"/>
        <line num="27" count="36" type="stmt"/>
        <line num="28" count="6" type="cond" truecount="1" falsecount="0"/>
        <line num="29" count="6" type="stmt"/>
        <line num="30" count="36" type="stmt"/>
        <line num="31" count="8" type="cond" truecount="1" falsecount="0"/>
        <line num="32" count="8" type="stmt"/>
        <line num="33" count="8" type="stmt"/>
        <line num="34" count="36" type="cond" truecount="1" falsecount="0"/>
        <line num="35" count="8" type="stmt"/>
        <line num="36" count="36" type="stmt"/>
        <line num="37" count="2" type="stmt"/>
        <line num="38" count="2" type="stmt"/>
        <line num="39" count="2" type="stmt"/>
        <line num="40" count="1" type="cond" truecount="1" falsecount="0"/>
        <line num="41" count="1" type="stmt"/>
        <line num="42" count="1" type="stmt"/>
        <line num="43" count="1" type="stmt"/>
        <line num="44" count="1" type="stmt"/>
        <line num="45" count="1" type="stmt"/>
        <line num="46" count="1" type="stmt"/>
        <line num="47" count="1" type="stmt"/>
      </file>
    </package>
  </project>
</coverage>
