{"/Users/nightshiftmaster/Desktop/frontend-project-lvl2/src/build-difference.js": {"path":"/Users/nightshiftmaster/Desktop/frontend-project-lvl2/src/build-difference.js","all":false,"statementMap":{"0":{"start":{"line":1,"column":0},"end":{"line":1,"column":23}},"1":{"start":{"line":2,"column":0},"end":{"line":2,"column":0}},"2":{"start":{"line":3,"column":0},"end":{"line":3,"column":37}},"3":{"start":{"line":4,"column":0},"end":{"line":4,"column":63}},"4":{"start":{"line":5,"column":0},"end":{"line":5,"column":46}},"5":{"start":{"line":6,"column":0},"end":{"line":6,"column":29}},"6":{"start":{"line":7,"column":0},"end":{"line":7,"column":59}},"7":{"start":{"line":8,"column":0},"end":{"line":8,"column":5}},"8":{"start":{"line":9,"column":0},"end":{"line":9,"column":29}},"9":{"start":{"line":10,"column":0},"end":{"line":10,"column":57}},"10":{"start":{"line":11,"column":0},"end":{"line":11,"column":5}},"11":{"start":{"line":12,"column":0},"end":{"line":12,"column":59}},"12":{"start":{"line":13,"column":0},"end":{"line":13,"column":14}},"13":{"start":{"line":14,"column":0},"end":{"line":14,"column":93}},"14":{"start":{"line":15,"column":0},"end":{"line":15,"column":8}},"15":{"start":{"line":16,"column":0},"end":{"line":16,"column":5}},"16":{"start":{"line":17,"column":0},"end":{"line":17,"column":45}},"17":{"start":{"line":18,"column":0},"end":{"line":18,"column":14}},"18":{"start":{"line":19,"column":0},"end":{"line":19,"column":72}},"19":{"start":{"line":20,"column":0},"end":{"line":20,"column":8}},"20":{"start":{"line":21,"column":0},"end":{"line":21,"column":5}},"21":{"start":{"line":22,"column":0},"end":{"line":22,"column":0}},"22":{"start":{"line":23,"column":0},"end":{"line":23,"column":59}},"23":{"start":{"line":24,"column":0},"end":{"line":24,"column":5}},"24":{"start":{"line":25,"column":0},"end":{"line":25,"column":22}},"25":{"start":{"line":26,"column":0},"end":{"line":26,"column":2}},"26":{"start":{"line":27,"column":0},"end":{"line":27,"column":0}},"27":{"start":{"line":28,"column":0},"end":{"line":28,"column":25}}},"s":{"0":30,"1":30,"2":30,"3":30,"4":12,"5":108,"6":108,"7":30,"8":108,"9":108,"10":24,"11":24,"12":24,"13":108,"14":24,"15":24,"16":24,"17":108,"18":30,"19":30,"20":30,"21":30,"22":1,"23":1,"24":1,"25":1,"26":1,"27":1},"branchMap":{"0":{"type":"branch","line":1,"loc":{"start":{"line":1,"column":0},"end":{"line":23,"column":30}},"locations":[{"start":{"line":1,"column":0},"end":{"line":23,"column":30}}]},"1":{"type":"branch","line":1,"loc":{"start":{"line":1,"column":0},"end":{"line":23,"column":1}},"locations":[{"start":{"line":1,"column":0},"end":{"line":23,"column":1}}]},"2":{"type":"branch","line":4,"loc":{"start":{"line":4,"column":11},"end":{"line":19,"column":63}},"locations":[{"start":{"line":4,"column":11},"end":{"line":19,"column":63}}]},"3":{"type":"branch","line":4,"loc":{"start":{"line":4,"column":50},"end":{"line":6,"column":6}},"locations":[{"start":{"line":4,"column":50},"end":{"line":6,"column":6}}]},"4":{"type":"branch","line":6,"loc":{"start":{"line":6,"column":6},"end":{"line":7,"column":5}},"locations":[{"start":{"line":6,"column":6},"end":{"line":7,"column":5}}]},"5":{"type":"branch","line":7,"loc":{"start":{"line":7,"column":5},"end":{"line":9,"column":4}},"locations":[{"start":{"line":7,"column":5},"end":{"line":9,"column":4}}]},"6":{"type":"branch","line":9,"loc":{"start":{"line":9,"column":4},"end":{"line":10,"column":6}},"locations":[{"start":{"line":9,"column":4},"end":{"line":10,"column":6}}]},"7":{"type":"branch","line":10,"loc":{"start":{"line":10,"column":6},"end":{"line":10,"column":31}},"locations":[{"start":{"line":10,"column":6},"end":{"line":10,"column":31}}]},"8":{"type":"branch","line":10,"loc":{"start":{"line":10,"column":33},"end":{"line":14,"column":19}},"locations":[{"start":{"line":10,"column":33},"end":{"line":14,"column":19}}]},"9":{"type":"branch","line":14,"loc":{"start":{"line":14,"column":19},"end":{"line":14,"column":64}},"locations":[{"start":{"line":14,"column":19},"end":{"line":14,"column":64}}]},"10":{"type":"branch","line":14,"loc":{"start":{"line":14,"column":64},"end":{"line":18,"column":13}},"locations":[{"start":{"line":14,"column":64},"end":{"line":18,"column":13}}]},"11":{"type":"branch","line":18,"loc":{"start":{"line":18,"column":13},"end":{"line":19,"column":62}},"locations":[{"start":{"line":18,"column":13},"end":{"line":19,"column":62}}]}},"b":{"0":[1],"1":[30],"2":[108],"3":[12],"4":[96],"5":[30],"6":[66],"7":[30],"8":[24],"9":[42],"10":[24],"11":[18]},"fnMap":{"0":{"name":"buildDiff","decl":{"start":{"line":1,"column":0},"end":{"line":23,"column":1}},"loc":{"start":{"line":1,"column":0},"end":{"line":23,"column":1}},"line":1}},"f":{"0":30}}
,"/Users/nightshiftmaster/Desktop/frontend-project-lvl2/src/index.js": {"path":"/Users/nightshiftmaster/Desktop/frontend-project-lvl2/src/index.js","all":false,"statementMap":{"0":{"start":{"line":1,"column":0},"end":{"line":1,"column":24}},"1":{"start":{"line":2,"column":0},"end":{"line":2,"column":34}},"2":{"start":{"line":3,"column":0},"end":{"line":3,"column":39}},"3":{"start":{"line":4,"column":0},"end":{"line":4,"column":46}},"4":{"start":{"line":5,"column":0},"end":{"line":5,"column":49}},"5":{"start":{"line":6,"column":0},"end":{"line":6,"column":0}},"6":{"start":{"line":7,"column":0},"end":{"line":7,"column":97}},"7":{"start":{"line":8,"column":0},"end":{"line":8,"column":0}},"8":{"start":{"line":9,"column":0},"end":{"line":9,"column":29}},"9":{"start":{"line":10,"column":0},"end":{"line":10,"column":43}},"10":{"start":{"line":11,"column":0},"end":{"line":11,"column":30}},"11":{"start":{"line":12,"column":0},"end":{"line":12,"column":35}},"12":{"start":{"line":13,"column":0},"end":{"line":13,"column":22}},"13":{"start":{"line":14,"column":0},"end":{"line":14,"column":2}},"14":{"start":{"line":15,"column":0},"end":{"line":15,"column":0}},"15":{"start":{"line":16,"column":0},"end":{"line":16,"column":67}},"16":{"start":{"line":17,"column":0},"end":{"line":17,"column":37}},"17":{"start":{"line":18,"column":0},"end":{"line":18,"column":37}},"18":{"start":{"line":19,"column":0},"end":{"line":19,"column":49}},"19":{"start":{"line":20,"column":0},"end":{"line":20,"column":48}},"20":{"start":{"line":21,"column":0},"end":{"line":21,"column":2}},"21":{"start":{"line":22,"column":0},"end":{"line":22,"column":0}},"22":{"start":{"line":23,"column":0},"end":{"line":23,"column":23}}},"s":{"0":1,"1":1,"2":1,"3":1,"4":12,"5":12,"6":1,"7":12,"8":12,"9":12,"10":1,"11":6,"12":6,"13":6,"14":6,"15":6,"16":6,"17":6,"18":1,"19":1,"20":1,"21":1,"22":1},"branchMap":{"0":{"type":"branch","line":1,"loc":{"start":{"line":1,"column":0},"end":{"line":19,"column":38}},"locations":[{"start":{"line":1,"column":0},"end":{"line":19,"column":38}}]},"1":{"type":"branch","line":4,"loc":{"start":{"line":4,"column":26},"end":{"line":7,"column":7}},"locations":[{"start":{"line":4,"column":26},"end":{"line":7,"column":7}}]},"2":{"type":"branch","line":7,"loc":{"start":{"line":7,"column":28},"end":{"line":11,"column":2}},"locations":[{"start":{"line":7,"column":28},"end":{"line":11,"column":2}}]},"3":{"type":"branch","line":11,"loc":{"start":{"line":11,"column":21},"end":{"line":19,"column":11}},"locations":[{"start":{"line":11,"column":21},"end":{"line":19,"column":11}}]}},"b":{"0":[1],"1":[12],"2":[12],"3":[6]},"fnMap":{"0":{"name":"readFile","decl":{"start":{"line":4,"column":26},"end":{"line":7,"column":7}},"loc":{"start":{"line":4,"column":26},"end":{"line":7,"column":7}},"line":4},"1":{"name":"parseFile","decl":{"start":{"line":7,"column":28},"end":{"line":11,"column":2}},"loc":{"start":{"line":7,"column":28},"end":{"line":11,"column":2}},"line":7},"2":{"name":"genDiff","decl":{"start":{"line":11,"column":21},"end":{"line":19,"column":11}},"loc":{"start":{"line":11,"column":21},"end":{"line":19,"column":11}},"line":11}},"f":{"0":12,"1":12,"2":6}}
,"/Users/nightshiftmaster/Desktop/frontend-project-lvl2/src/parsers.js": {"path":"/Users/nightshiftmaster/Desktop/frontend-project-lvl2/src/parsers.js","all":false,"statementMap":{"0":{"start":{"line":1,"column":0},"end":{"line":1,"column":27}},"1":{"start":{"line":2,"column":0},"end":{"line":2,"column":0}},"2":{"start":{"line":3,"column":0},"end":{"line":3,"column":31}},"3":{"start":{"line":4,"column":0},"end":{"line":4,"column":19}},"4":{"start":{"line":5,"column":0},"end":{"line":5,"column":21}},"5":{"start":{"line":6,"column":0},"end":{"line":6,"column":19}},"6":{"start":{"line":7,"column":0},"end":{"line":7,"column":4}},"7":{"start":{"line":8,"column":0},"end":{"line":8,"column":23}},"8":{"start":{"line":9,"column":0},"end":{"line":9,"column":2}},"9":{"start":{"line":10,"column":0},"end":{"line":10,"column":0}},"10":{"start":{"line":11,"column":0},"end":{"line":11,"column":27}}},"s":{"0":12,"1":12,"2":12,"3":1,"4":1,"5":1,"6":1,"7":1,"8":1,"9":1,"10":1},"branchMap":{"0":{"type":"branch","line":1,"loc":{"start":{"line":1,"column":0},"end":{"line":5,"column":14}},"locations":[{"start":{"line":1,"column":0},"end":{"line":5,"column":14}}]},"1":{"type":"branch","line":1,"loc":{"start":{"line":1,"column":0},"end":{"line":4,"column":3}},"locations":[{"start":{"line":1,"column":0},"end":{"line":4,"column":3}}]}},"b":{"0":[1],"1":[12]},"fnMap":{"0":{"name":"parseByType","decl":{"start":{"line":1,"column":0},"end":{"line":4,"column":3}},"loc":{"start":{"line":1,"column":0},"end":{"line":4,"column":3}},"line":1}},"f":{"0":12}}
,"/Users/nightshiftmaster/Desktop/frontend-project-lvl2/src/formatters/index.js": {"path":"/Users/nightshiftmaster/Desktop/frontend-project-lvl2/src/formatters/index.js","all":false,"statementMap":{"0":{"start":{"line":1,"column":0},"end":{"line":1,"column":35}},"1":{"start":{"line":2,"column":0},"end":{"line":2,"column":31}},"2":{"start":{"line":3,"column":0},"end":{"line":3,"column":29}},"3":{"start":{"line":4,"column":0},"end":{"line":4,"column":0}},"4":{"start":{"line":5,"column":0},"end":{"line":5,"column":34}},"5":{"start":{"line":6,"column":0},"end":{"line":6,"column":46}},"6":{"start":{"line":7,"column":0},"end":{"line":7,"column":28}},"7":{"start":{"line":8,"column":0},"end":{"line":8,"column":2}},"8":{"start":{"line":9,"column":0},"end":{"line":9,"column":0}},"9":{"start":{"line":10,"column":0},"end":{"line":10,"column":28}}},"s":{"0":1,"1":6,"2":6,"3":6,"4":1,"5":1,"6":1,"7":1,"8":1,"9":1},"branchMap":{"0":{"type":"branch","line":1,"loc":{"start":{"line":1,"column":0},"end":{"line":6,"column":20}},"locations":[{"start":{"line":1,"column":0},"end":{"line":6,"column":20}}]},"1":{"type":"branch","line":1,"loc":{"start":{"line":1,"column":31},"end":{"line":5,"column":23}},"locations":[{"start":{"line":1,"column":31},"end":{"line":5,"column":23}}]}},"b":{"0":[1],"1":[6]},"fnMap":{"0":{"name":"selectFormat","decl":{"start":{"line":1,"column":31},"end":{"line":5,"column":23}},"loc":{"start":{"line":1,"column":31},"end":{"line":5,"column":23}},"line":1}},"f":{"0":6}}
,"/Users/nightshiftmaster/Desktop/frontend-project-lvl2/src/formatters/json.js": {"path":"/Users/nightshiftmaster/Desktop/frontend-project-lvl2/src/formatters/json.js","all":false,"statementMap":{"0":{"start":{"line":1,"column":0},"end":{"line":1,"column":44}},"1":{"start":{"line":2,"column":0},"end":{"line":2,"column":0}},"2":{"start":{"line":3,"column":0},"end":{"line":3,"column":20}}},"s":{"0":1,"1":1,"2":1},"branchMap":{},"b":{},"fnMap":{},"f":{}}
,"/Users/nightshiftmaster/Desktop/frontend-project-lvl2/src/formatters/plain.js": {"path":"/Users/nightshiftmaster/Desktop/frontend-project-lvl2/src/formatters/plain.js","all":false,"statementMap":{"0":{"start":{"line":1,"column":0},"end":{"line":1,"column":23}},"1":{"start":{"line":2,"column":0},"end":{"line":2,"column":0}},"2":{"start":{"line":3,"column":0},"end":{"line":3,"column":100}},"3":{"start":{"line":4,"column":0},"end":{"line":4,"column":0}},"4":{"start":{"line":5,"column":0},"end":{"line":5,"column":31}},"5":{"start":{"line":6,"column":0},"end":{"line":6,"column":63}},"6":{"start":{"line":7,"column":0},"end":{"line":7,"column":63}},"7":{"start":{"line":8,"column":0},"end":{"line":8,"column":20}},"8":{"start":{"line":9,"column":0},"end":{"line":9,"column":2}},"9":{"start":{"line":10,"column":0},"end":{"line":10,"column":0}},"10":{"start":{"line":11,"column":0},"end":{"line":11,"column":35}},"11":{"start":{"line":12,"column":0},"end":{"line":12,"column":36}},"12":{"start":{"line":13,"column":0},"end":{"line":13,"column":36}},"13":{"start":{"line":14,"column":0},"end":{"line":14,"column":45}},"14":{"start":{"line":15,"column":0},"end":{"line":15,"column":11}},"15":{"start":{"line":16,"column":0},"end":{"line":16,"column":43}},"16":{"start":{"line":17,"column":0},"end":{"line":17,"column":23}},"17":{"start":{"line":18,"column":0},"end":{"line":18,"column":21}},"18":{"start":{"line":19,"column":0},"end":{"line":19,"column":81}},"19":{"start":{"line":20,"column":0},"end":{"line":20,"column":0}},"20":{"start":{"line":21,"column":0},"end":{"line":21,"column":23}},"21":{"start":{"line":22,"column":0},"end":{"line":22,"column":50}},"22":{"start":{"line":23,"column":0},"end":{"line":23,"column":0}},"23":{"start":{"line":24,"column":0},"end":{"line":24,"column":23}},"24":{"start":{"line":25,"column":0},"end":{"line":25,"column":104}},"25":{"start":{"line":26,"column":0},"end":{"line":26,"column":25}},"26":{"start":{"line":27,"column":0},"end":{"line":27,"column":20}},"27":{"start":{"line":28,"column":0},"end":{"line":28,"column":16}},"28":{"start":{"line":29,"column":0},"end":{"line":29,"column":57}},"29":{"start":{"line":30,"column":0},"end":{"line":30,"column":7}},"30":{"start":{"line":31,"column":0},"end":{"line":31,"column":7}},"31":{"start":{"line":32,"column":0},"end":{"line":32,"column":31}},"32":{"start":{"line":33,"column":0},"end":{"line":33,"column":4}},"33":{"start":{"line":34,"column":0},"end":{"line":34,"column":24}},"34":{"start":{"line":35,"column":0},"end":{"line":35,"column":2}},"35":{"start":{"line":36,"column":0},"end":{"line":36,"column":0}},"36":{"start":{"line":37,"column":0},"end":{"line":37,"column":46}},"37":{"start":{"line":38,"column":0},"end":{"line":38,"column":0}},"38":{"start":{"line":39,"column":0},"end":{"line":39,"column":21}}},"s":{"0":28,"1":28,"2":1,"3":14,"4":26,"5":1,"6":1,"7":10,"8":10,"9":10,"10":10,"11":36,"12":36,"13":36,"14":10,"15":10,"16":10,"17":36,"18":36,"19":8,"20":8,"21":8,"22":8,"23":8,"24":36,"25":8,"26":36,"27":10,"28":1,"29":1,"30":2,"31":1,"32":1,"33":1,"34":1,"35":1,"36":1,"37":1,"38":1},"branchMap":{"0":{"type":"branch","line":1,"loc":{"start":{"line":1,"column":0},"end":{"line":34,"column":10}},"locations":[{"start":{"line":1,"column":0},"end":{"line":34,"column":10}}]},"1":{"type":"branch","line":1,"loc":{"start":{"line":1,"column":0},"end":{"line":3,"column":10}},"locations":[{"start":{"line":1,"column":0},"end":{"line":3,"column":10}}]},"2":{"type":"branch","line":1,"loc":{"start":{"line":1,"column":0},"end":{"line":3,"column":3}},"locations":[{"start":{"line":1,"column":0},"end":{"line":3,"column":3}}]},"3":{"type":"branch","line":3,"loc":{"start":{"line":3,"column":4},"end":{"line":3,"column":9}},"locations":[{"start":{"line":3,"column":4},"end":{"line":3,"column":9}}]},"4":{"type":"branch","line":3,"loc":{"start":{"line":3,"column":32},"end":{"line":6,"column":61}},"locations":[{"start":{"line":3,"column":32},"end":{"line":6,"column":61}}]},"5":{"type":"branch","line":3,"loc":{"start":{"line":3,"column":85},"end":{"line":3,"column":92}},"locations":[{"start":{"line":3,"column":85},"end":{"line":3,"column":92}}]},"6":{"type":"branch","line":3,"loc":{"start":{"line":3,"column":93},"end":{"line":5,"column":5}},"locations":[{"start":{"line":3,"column":93},"end":{"line":5,"column":5}}]},"7":{"type":"branch","line":6,"loc":{"start":{"line":6,"column":12},"end":{"line":6,"column":31}},"locations":[{"start":{"line":6,"column":12},"end":{"line":6,"column":31}}]},"8":{"type":"branch","line":6,"loc":{"start":{"line":6,"column":32},"end":{"line":6,"column":37}},"locations":[{"start":{"line":6,"column":32},"end":{"line":6,"column":37}}]},"9":{"type":"branch","line":7,"loc":{"start":{"line":7,"column":24},"end":{"line":29,"column":48}},"locations":[{"start":{"line":7,"column":24},"end":{"line":29,"column":48}}]},"10":{"type":"branch","line":7,"loc":{"start":{"line":7,"column":51},"end":{"line":29,"column":20}},"locations":[{"start":{"line":7,"column":51},"end":{"line":29,"column":20}}]},"11":{"type":"branch","line":11,"loc":{"start":{"line":11,"column":18},"end":{"line":27,"column":20}},"locations":[{"start":{"line":11,"column":18},"end":{"line":27,"column":20}}]},"12":{"type":"branch","line":15,"loc":{"start":{"line":15,"column":-1},"end":{"line":18,"column":14}},"locations":[{"start":{"line":15,"column":-1},"end":{"line":18,"column":14}}]},"13":{"type":"branch","line":19,"loc":{"start":{"line":19,"column":2},"end":{"line":19,"column":68}},"locations":[{"start":{"line":19,"column":2},"end":{"line":19,"column":68}}]},"14":{"type":"branch","line":19,"loc":{"start":{"line":19,"column":78},"end":{"line":25,"column":15}},"locations":[{"start":{"line":19,"column":78},"end":{"line":25,"column":15}}]},"15":{"type":"branch","line":25,"loc":{"start":{"line":25,"column":24},"end":{"line":25,"column":62}},"locations":[{"start":{"line":25,"column":24},"end":{"line":25,"column":62}}]},"16":{"type":"branch","line":25,"loc":{"start":{"line":25,"column":71},"end":{"line":27,"column":6}},"locations":[{"start":{"line":25,"column":71},"end":{"line":27,"column":6}}]},"17":{"type":"branch","line":31,"loc":{"start":{"line":31,"column":-1},"end":{"line":32,"column":22}},"locations":[{"start":{"line":31,"column":-1},"end":{"line":32,"column":22}}]}},"b":{"0":[1],"1":[36],"2":[28],"3":[8],"4":[26],"5":[12],"6":[14],"7":[6],"8":[20],"9":[2],"10":[10],"11":[36],"12":[10],"13":[4],"14":[8],"15":[6],"16":[8],"17":[2]},"fnMap":{"0":{"name":"makePath","decl":{"start":{"line":1,"column":0},"end":{"line":3,"column":10}},"loc":{"start":{"line":1,"column":0},"end":{"line":3,"column":10}},"line":1},"1":{"name":"printValue","decl":{"start":{"line":3,"column":32},"end":{"line":6,"column":61}},"loc":{"start":{"line":3,"column":32},"end":{"line":6,"column":61}},"line":3},"2":{"name":"makePlainFormat","decl":{"start":{"line":7,"column":24},"end":{"line":29,"column":48}},"loc":{"start":{"line":7,"column":24},"end":{"line":29,"column":48}},"line":7},"3":{"name":"iter","decl":{"start":{"line":7,"column":51},"end":{"line":29,"column":20}},"loc":{"start":{"line":7,"column":51},"end":{"line":29,"column":20}},"line":7},"4":{"name":"plain","decl":{"start":{"line":31,"column":-1},"end":{"line":32,"column":22}},"loc":{"start":{"line":31,"column":-1},"end":{"line":32,"column":22}},"line":31}},"f":{"0":36,"1":26,"2":2,"3":10,"4":2}}
,"/Users/nightshiftmaster/Desktop/frontend-project-lvl2/src/formatters/stylish.js": {"path":"/Users/nightshiftmaster/Desktop/frontend-project-lvl2/src/formatters/stylish.js","all":false,"statementMap":{"0":{"start":{"line":1,"column":0},"end":{"line":1,"column":47}},"1":{"start":{"line":2,"column":0},"end":{"line":2,"column":55}},"2":{"start":{"line":3,"column":0},"end":{"line":3,"column":47}},"3":{"start":{"line":4,"column":0},"end":{"line":4,"column":23}},"4":{"start":{"line":5,"column":0},"end":{"line":5,"column":2}},"5":{"start":{"line":6,"column":0},"end":{"line":6,"column":0}},"6":{"start":{"line":7,"column":0},"end":{"line":7,"column":37}},"7":{"start":{"line":8,"column":0},"end":{"line":8,"column":34}},"8":{"start":{"line":9,"column":0},"end":{"line":9,"column":28}},"9":{"start":{"line":10,"column":0},"end":{"line":10,"column":3}},"10":{"start":{"line":11,"column":0},"end":{"line":11,"column":23}},"11":{"start":{"line":12,"column":0},"end":{"line":12,"column":18}},"12":{"start":{"line":13,"column":0},"end":{"line":13,"column":3}},"13":{"start":{"line":14,"column":0},"end":{"line":14,"column":133}},"14":{"start":{"line":15,"column":0},"end":{"line":15,"column":64}},"15":{"start":{"line":16,"column":0},"end":{"line":16,"column":2}},"16":{"start":{"line":17,"column":0},"end":{"line":17,"column":0}},"17":{"start":{"line":18,"column":0},"end":{"line":18,"column":37}},"18":{"start":{"line":19,"column":0},"end":{"line":19,"column":33}},"19":{"start":{"line":20,"column":0},"end":{"line":20,"column":36}},"20":{"start":{"line":21,"column":0},"end":{"line":21,"column":45}},"21":{"start":{"line":22,"column":0},"end":{"line":22,"column":11}},"22":{"start":{"line":23,"column":0},"end":{"line":23,"column":23}},"23":{"start":{"line":24,"column":0},"end":{"line":24,"column":21}},"24":{"start":{"line":25,"column":0},"end":{"line":25,"column":79}},"25":{"start":{"line":26,"column":0},"end":{"line":26,"column":0}},"26":{"start":{"line":27,"column":0},"end":{"line":27,"column":23}},"27":{"start":{"line":28,"column":0},"end":{"line":28,"column":79}},"28":{"start":{"line":29,"column":0},"end":{"line":29,"column":0}},"29":{"start":{"line":30,"column":0},"end":{"line":30,"column":25}},"30":{"start":{"line":31,"column":0},"end":{"line":31,"column":79}},"31":{"start":{"line":32,"column":0},"end":{"line":32,"column":0}},"32":{"start":{"line":33,"column":0},"end":{"line":33,"column":23}},"33":{"start":{"line":34,"column":0},"end":{"line":34,"column":145}},"34":{"start":{"line":35,"column":0},"end":{"line":35,"column":0}},"35":{"start":{"line":36,"column":0},"end":{"line":36,"column":16}},"36":{"start":{"line":37,"column":0},"end":{"line":37,"column":81}},"37":{"start":{"line":38,"column":0},"end":{"line":38,"column":7}},"38":{"start":{"line":39,"column":0},"end":{"line":39,"column":7}},"39":{"start":{"line":40,"column":0},"end":{"line":40,"column":65}},"40":{"start":{"line":41,"column":0},"end":{"line":41,"column":4}},"41":{"start":{"line":42,"column":0},"end":{"line":42,"column":23}},"42":{"start":{"line":43,"column":0},"end":{"line":43,"column":2}},"43":{"start":{"line":44,"column":0},"end":{"line":44,"column":0}},"44":{"start":{"line":45,"column":0},"end":{"line":45,"column":50}},"45":{"start":{"line":46,"column":0},"end":{"line":46,"column":0}},"46":{"start":{"line":47,"column":0},"end":{"line":47,"column":23}}},"s":{"0":86,"1":1,"2":1,"3":54,"4":38,"5":38,"6":54,"7":54,"8":14,"9":14,"10":14,"11":18,"12":18,"13":1,"14":1,"15":10,"16":10,"17":10,"18":36,"19":36,"20":36,"21":10,"22":10,"23":36,"24":4,"25":4,"26":36,"27":6,"28":6,"29":36,"30":8,"31":8,"32":8,"33":36,"34":8,"35":36,"36":2,"37":2,"38":2,"39":1,"40":1,"41":1,"42":1,"43":1,"44":1,"45":1,"46":1},"branchMap":{"0":{"type":"branch","line":1,"loc":{"start":{"line":1,"column":0},"end":{"line":42,"column":15}},"locations":[{"start":{"line":1,"column":0},"end":{"line":42,"column":15}}]},"1":{"type":"branch","line":1,"loc":{"start":{"line":1,"column":0},"end":{"line":2,"column":40}},"locations":[{"start":{"line":1,"column":0},"end":{"line":2,"column":40}}]},"2":{"type":"branch","line":3,"loc":{"start":{"line":3,"column":5},"end":{"line":14,"column":111}},"locations":[{"start":{"line":3,"column":5},"end":{"line":14,"column":111}}]},"3":{"type":"branch","line":4,"loc":{"start":{"line":4,"column":10},"end":{"line":7,"column":16}},"locations":[{"start":{"line":4,"column":10},"end":{"line":7,"column":16}}]},"4":{"type":"branch","line":7,"loc":{"start":{"line":7,"column":16},"end":{"line":8,"column":1}},"locations":[{"start":{"line":7,"column":16},"end":{"line":8,"column":1}}]},"5":{"type":"branch","line":8,"loc":{"start":{"line":8,"column":1},"end":{"line":8,"column":25}},"locations":[{"start":{"line":8,"column":1},"end":{"line":8,"column":25}}]},"6":{"type":"branch","line":8,"loc":{"start":{"line":8,"column":25},"end":{"line":14,"column":110}},"locations":[{"start":{"line":8,"column":25},"end":{"line":14,"column":110}}]},"7":{"type":"branch","line":11,"loc":{"start":{"line":11,"column":4},"end":{"line":14,"column":42}},"locations":[{"start":{"line":11,"column":4},"end":{"line":14,"column":42}}]},"8":{"type":"branch","line":15,"loc":{"start":{"line":15,"column":6},"end":{"line":40,"column":7}},"locations":[{"start":{"line":15,"column":6},"end":{"line":40,"column":7}}]},"9":{"type":"branch","line":15,"loc":{"start":{"line":15,"column":33},"end":{"line":37,"column":78}},"locations":[{"start":{"line":15,"column":33},"end":{"line":37,"column":78}}]},"10":{"type":"branch","line":18,"loc":{"start":{"line":18,"column":17},"end":{"line":37,"column":6}},"locations":[{"start":{"line":18,"column":17},"end":{"line":37,"column":6}}]},"11":{"type":"branch","line":21,"loc":{"start":{"line":21,"column":1},"end":{"line":24,"column":12}},"locations":[{"start":{"line":21,"column":1},"end":{"line":24,"column":12}}]},"12":{"type":"branch","line":25,"loc":{"start":{"line":25,"column":0},"end":{"line":27,"column":14}},"locations":[{"start":{"line":25,"column":0},"end":{"line":27,"column":14}}]},"13":{"type":"branch","line":28,"loc":{"start":{"line":28,"column":0},"end":{"line":30,"column":16}},"locations":[{"start":{"line":28,"column":0},"end":{"line":30,"column":16}}]},"14":{"type":"branch","line":31,"loc":{"start":{"line":31,"column":0},"end":{"line":34,"column":56}},"locations":[{"start":{"line":31,"column":0},"end":{"line":34,"column":56}}]},"15":{"type":"branch","line":34,"loc":{"start":{"line":34,"column":66},"end":{"line":36,"column":9}},"locations":[{"start":{"line":34,"column":66},"end":{"line":36,"column":9}}]},"16":{"type":"branch","line":40,"loc":{"start":{"line":40,"column":26},"end":{"line":40,"column":59}},"locations":[{"start":{"line":40,"column":26},"end":{"line":40,"column":59}}]}},"b":{"0":[1],"1":[86],"2":[54],"3":[38],"4":[16],"5":[2],"6":[14],"7":[18],"8":[2],"9":[10],"10":[36],"11":[10],"12":[4],"13":[6],"14":[8],"15":[8],"16":[2]},"fnMap":{"0":{"name":"makeSpace","decl":{"start":{"line":1,"column":0},"end":{"line":2,"column":40}},"loc":{"start":{"line":1,"column":0},"end":{"line":2,"column":40}},"line":1},"1":{"name":"stringify","decl":{"start":{"line":3,"column":5},"end":{"line":14,"column":111}},"loc":{"start":{"line":3,"column":5},"end":{"line":14,"column":111}},"line":3},"2":{"name":"makeStylishFormat","decl":{"start":{"line":15,"column":6},"end":{"line":40,"column":7}},"loc":{"start":{"line":15,"column":6},"end":{"line":40,"column":7}},"line":15},"3":{"name":"iter","decl":{"start":{"line":15,"column":33},"end":{"line":37,"column":78}},"loc":{"start":{"line":15,"column":33},"end":{"line":37,"column":78}},"line":15},"4":{"name":"stylish","decl":{"start":{"line":40,"column":26},"end":{"line":40,"column":59}},"loc":{"start":{"line":40,"column":26},"end":{"line":40,"column":59}},"line":40}},"f":{"0":86,"1":54,"2":2,"3":10,"4":2}}
}
