TN:
SF:src/build-difference.js
FN:1,buildDiff
FNF:1
FNH:1
FNDA:30,buildDiff
DA:1,30
DA:2,30
DA:3,30
DA:4,30
DA:5,12
DA:6,108
DA:7,108
DA:8,30
DA:9,108
DA:10,108
DA:11,24
DA:12,24
DA:13,24
DA:14,108
DA:15,24
DA:16,24
DA:17,24
DA:18,108
DA:19,30
DA:20,30
DA:21,30
DA:22,30
DA:23,1
DA:24,1
DA:25,1
DA:26,1
DA:27,1
DA:28,1
LF:28
LH:28
BRDA:1,0,0,1
BRDA:1,1,0,30
BRDA:4,2,0,108
BRDA:4,3,0,12
BRDA:6,4,0,96
BRDA:7,5,0,30
BRDA:9,6,0,66
BRDA:10,7,0,30
BRDA:10,8,0,24
BRDA:14,9,0,42
BRDA:14,10,0,24
BRDA:18,11,0,18
BRF:12
BRH:12
end_of_record
TN:
SF:src/index.js
FN:4,readFile
FN:7,parseFile
FN:11,genDiff
FNF:3
FNH:3
FNDA:12,readFile
FNDA:12,parseFile
FNDA:6,genDiff
DA:1,1
DA:2,1
DA:3,1
DA:4,1
DA:5,12
DA:6,12
DA:7,1
DA:8,12
DA:9,12
DA:10,12
DA:11,1
DA:12,6
DA:13,6
DA:14,6
DA:15,6
DA:16,6
DA:17,6
DA:18,6
DA:19,1
DA:20,1
DA:21,1
DA:22,1
DA:23,1
LF:23
LH:23
BRDA:1,0,0,1
BRDA:4,1,0,12
BRDA:7,2,0,12
BRDA:11,3,0,6
BRF:4
BRH:4
end_of_record
TN:
SF:src/parsers.js
FN:1,parseByType
FNF:1
FNH:1
FNDA:12,parseByType
DA:1,12
DA:2,12
DA:3,12
DA:4,1
DA:5,1
DA:6,1
DA:7,1
DA:8,1
DA:9,1
DA:10,1
DA:11,1
LF:11
LH:11
BRDA:1,0,0,1
BRDA:1,1,0,12
BRF:2
BRH:2
end_of_record
TN:
SF:src/formatters/index.js
FN:1,selectFormat
FNF:1
FNH:1
FNDA:6,selectFormat
DA:1,1
DA:2,6
DA:3,6
DA:4,6
DA:5,1
DA:6,1
DA:7,1
DA:8,1
DA:9,1
DA:10,1
LF:10
LH:10
BRDA:1,0,0,1
BRDA:1,1,0,6
BRF:2
BRH:2
end_of_record
TN:
SF:src/formatters/json.js
FNF:0
FNH:0
DA:1,1
DA:2,1
DA:3,1
LF:3
LH:3
BRF:0
BRH:0
end_of_record
TN:
SF:src/formatters/plain.js
FN:1,makePath
FN:3,printValue
FN:7,makePlainFormat
FN:7,iter
FN:31,plain
FNF:5
FNH:5
FNDA:36,makePath
FNDA:26,printValue
FNDA:2,makePlainFormat
FNDA:10,iter
FNDA:2,plain
DA:1,28
DA:2,28
DA:3,1
DA:4,14
DA:5,26
DA:6,1
DA:7,1
DA:8,10
DA:9,10
DA:10,10
DA:11,10
DA:12,36
DA:13,36
DA:14,36
DA:15,10
DA:16,10
DA:17,10
DA:18,36
DA:19,36
DA:20,8
DA:21,8
DA:22,8
DA:23,8
DA:24,8
DA:25,36
DA:26,8
DA:27,36
DA:28,10
DA:29,1
DA:30,1
DA:31,2
DA:32,1
DA:33,1
DA:34,1
DA:35,1
DA:36,1
DA:37,1
DA:38,1
DA:39,1
LF:39
LH:39
BRDA:1,0,0,1
BRDA:1,1,0,36
BRDA:1,2,0,28
BRDA:3,3,0,8
BRDA:3,4,0,26
BRDA:3,5,0,12
BRDA:3,6,0,14
BRDA:6,7,0,6
BRDA:6,8,0,20
BRDA:7,9,0,2
BRDA:7,10,0,10
BRDA:11,11,0,36
BRDA:15,12,0,10
BRDA:19,13,0,4
BRDA:19,14,0,8
BRDA:25,15,0,6
BRDA:25,16,0,8
BRDA:31,17,0,2
BRF:18
BRH:18
end_of_record
TN:
SF:src/formatters/stylish.js
FN:1,makeSpace
FN:3,stringify
FN:15,makeStylishFormat
FN:15,iter
FN:40,stylish
FNF:5
FNH:5
FNDA:86,makeSpace
FNDA:54,stringify
FNDA:2,makeStylishFormat
FNDA:10,iter
FNDA:2,stylish
DA:1,86
DA:2,1
DA:3,1
DA:4,54
DA:5,38
DA:6,38
DA:7,54
DA:8,54
DA:9,14
DA:10,14
DA:11,14
DA:12,18
DA:13,18
DA:14,1
DA:15,1
DA:16,10
DA:17,10
DA:18,10
DA:19,36
DA:20,36
DA:21,36
DA:22,10
DA:23,10
DA:24,36
DA:25,4
DA:26,4
DA:27,36
DA:28,6
DA:29,6
DA:30,36
DA:31,8
DA:32,8
DA:33,8
DA:34,36
DA:35,8
DA:36,36
DA:37,2
DA:38,2
DA:39,2
DA:40,1
DA:41,1
DA:42,1
DA:43,1
DA:44,1
DA:45,1
DA:46,1
DA:47,1
LF:47
LH:47
BRDA:1,0,0,1
BRDA:1,1,0,86
BRDA:3,2,0,54
BRDA:4,3,0,38
BRDA:7,4,0,16
BRDA:8,5,0,2
BRDA:8,6,0,14
BRDA:11,7,0,18
BRDA:15,8,0,2
BRDA:15,9,0,10
BRDA:18,10,0,36
BRDA:21,11,0,10
BRDA:25,12,0,4
BRDA:28,13,0,6
BRDA:31,14,0,8
BRDA:34,15,0,8
BRDA:40,16,0,2
BRF:17
BRH:17
end_of_record
